\BOOKMARK [1][-]{section.1}{Sistemas discretos}{}% 1
\BOOKMARK [2][-]{subsection.1.1}{Ecuaciones en diferencias.}{section.1}% 2
\BOOKMARK [2][-]{subsection.1.2}{Procesos de Verhulst. Period doubling, bifurcaciones.}{section.1}% 3
\BOOKMARK [2][-]{subsection.1.3}{Ecuaci\363n log\355stica}{section.1}% 4
\BOOKMARK [2][-]{subsection.1.4}{x=x2+c. Julia sets. Mandelbrot set.}{section.1}% 5
\BOOKMARK [2][-]{subsection.1.5}{Fractales/dimensi\363n de Hausdorlf/dimensi\363n fractal}{section.1}% 6
\BOOKMARK [2][-]{subsection.1.6}{Polvo de Cantor}{section.1}% 7
\BOOKMARK [2][-]{subsection.1.7}{Ecuaciones de Volterra}{section.1}% 8
\BOOKMARK [1][-]{section.2}{Sistemas continuos}{}% 9
\BOOKMARK [2][-]{subsection.2.1}{Sistemas din\341micos deterministas, ecuaciones diferenciales}{section.2}% 10
\BOOKMARK [2][-]{subsection.2.2}{Espacio de estados/fases}{section.2}% 11
\BOOKMARK [2][-]{subsection.2.3}{Oscilaciones}{section.2}% 12
\BOOKMARK [2][-]{subsection.2.4}{Sistemas disipativos: atractores}{section.2}% 13
\BOOKMARK [2][-]{subsection.2.5}{Flujos, compresibles o no}{section.2}% 14
\BOOKMARK [2][-]{subsection.2.6}{Atractores extra\361os: caos}{section.2}% 15
\BOOKMARK [2][-]{subsection.2.7}{Exponentes de lyapunov}{section.2}% 16
\BOOKMARK [2][-]{subsection.2.8}{Ejemplos de sistemas}{section.2}% 17
\BOOKMARK [2][-]{subsection.2.9}{Lorenz Volterra}{section.2}% 18
\BOOKMARK [1][-]{section.3}{Aplicaciones}{}% 19
\BOOKMARK [2][-]{subsection.3.1}{Generaci\363n gr\341fica de conjuntos de Julia}{section.3}% 20
\BOOKMARK [2][-]{subsection.3.2}{Ejemplos gr\341ficos de explorar el conjunto de Mandelbrot}{section.3}% 21
\BOOKMARK [2][-]{subsection.3.3}{Caos y criptograf\355a}{section.3}% 22
\BOOKMARK [2][-]{subsection.3.4}{Compresi\363n fractal}{section.3}% 23
\BOOKMARK [2][-]{subsection.3.5}{Antenas fractales}{section.3}% 24
\BOOKMARK [2][-]{subsection.3.6}{Aeron\341utica y fluidos}{section.3}% 25
